<?xml version="1.0" encoding="UTF-8"?>
<testng-results ignored="0" total="2" passed="2" failed="0" skipped="0">
  <reporter-output>
  </reporter-output>
  <suite started-at="2022-10-18T14:06:47 IST" name="Default suite" finished-at="2022-10-18T14:07:21 IST" duration-ms="34529">
    <groups>
    </groups>
    <test started-at="2022-10-18T14:06:47 IST" name="Default test" finished-at="2022-10-18T14:07:21 IST" duration-ms="34529">
      <class name="com.tests.LoginTest">
        <test-method is-config="true" signature="setup()[pri:0, instance:com.tests.LoginTest@3cd3e762]" started-at="2022-10-18T14:06:47 IST" name="setup" finished-at="2022-10-18T14:07:05 IST" duration-ms="17670" status="PASS">
          <reporter-output>
          </reporter-output>
        </test-method> <!-- setup -->
        <test-method signature="freeCrmTitleTest()[pri:1, instance:com.tests.LoginTest@3cd3e762]" started-at="2022-10-18T14:07:05 IST" name="freeCrmTitleTest" finished-at="2022-10-18T14:07:05 IST" duration-ms="33" status="PASS">
          <reporter-output>
          </reporter-output>
        </test-method> <!-- freeCrmTitleTest -->
        <test-method is-config="true" signature="tearDown()[pri:0, instance:com.tests.LoginTest@3cd3e762]" started-at="2022-10-18T14:07:05 IST" name="tearDown" finished-at="2022-10-18T14:07:05 IST" duration-ms="407" status="PASS">
          <reporter-output>
          </reporter-output>
        </test-method> <!-- tearDown -->
        <test-method is-config="true" signature="setup()[pri:0, instance:com.tests.LoginTest@3cd3e762]" started-at="2022-10-18T14:07:05 IST" name="setup" finished-at="2022-10-18T14:07:19 IST" duration-ms="13948" status="PASS">
          <reporter-output>
          </reporter-output>
        </test-method> <!-- setup -->
        <test-method signature="freemCRMLogoTest()[pri:2, instance:com.tests.LoginTest@3cd3e762]" started-at="2022-10-18T14:07:19 IST" name="freemCRMLogoTest" finished-at="2022-10-18T14:07:19 IST" duration-ms="132" status="PASS">
          <reporter-output>
          </reporter-output>
        </test-method> <!-- freemCRMLogoTest -->
        <test-method is-config="true" signature="tearDown()[pri:0, instance:com.tests.LoginTest@3cd3e762]" started-at="2022-10-18T14:07:19 IST" name="tearDown" finished-at="2022-10-18T14:07:21 IST" duration-ms="2256" status="PASS">
          <reporter-output>
          </reporter-output>
        </test-method> <!-- tearDown -->
      </class> <!-- com.tests.LoginTest -->
    </test> <!-- Default test -->
  </suite> <!-- Default suite -->
</testng-results>
